<?xml version="1.0" encoding="UTF-8"?>
<testng-results ignored="0" total="6" passed="6" failed="0" skipped="0">
  <reporter-output>
  </reporter-output>
  <suite started-at="2022-11-09T14:42:03 IST" name="Default suite" finished-at="2022-11-09T14:42:03 IST" duration-ms="412">
    <groups>
    </groups>
    <test started-at="2022-11-09T14:42:03 IST" name="Default test" finished-at="2022-11-09T14:42:03 IST" duration-ms="412">
      <class name="TestCases.ExcelTest">
        <test-method signature="testCase1()[pri:1, instance:TestCases.ExcelTest@6ff65192]" started-at="2022-11-09T14:42:03 IST" name="testCase1" finished-at="2022-11-09T14:42:03 IST" duration-ms="15" status="PASS">
          <reporter-output>
          </reporter-output>
        </test-method> <!-- testCase1 -->
        <test-method signature="testCase2()[pri:3, instance:TestCases.ExcelTest@6ff65192]" started-at="2022-11-09T14:42:03 IST" name="testCase2" finished-at="2022-11-09T14:42:03 IST" duration-ms="9" status="PASS">
          <reporter-output>
          </reporter-output>
        </test-method> <!-- testCase2 -->
        <test-method signature="testCase3()[pri:3, instance:TestCases.ExcelTest@6ff65192]" started-at="2022-11-09T14:42:03 IST" name="testCase3" finished-at="2022-11-09T14:42:03 IST" duration-ms="2" status="PASS">
          <reporter-output>
          </reporter-output>
        </test-method> <!-- testCase3 -->
        <test-method signature="testCase4()[pri:4, instance:TestCases.ExcelTest@6ff65192]" started-at="2022-11-09T14:42:03 IST" name="testCase4" finished-at="2022-11-09T14:42:03 IST" duration-ms="296" status="PASS">
          <reporter-output>
          </reporter-output>
        </test-method> <!-- testCase4 -->
        <test-method signature="testCase5()[pri:5, instance:TestCases.ExcelTest@6ff65192]" started-at="2022-11-09T14:42:03 IST" name="testCase5" finished-at="2022-11-09T14:42:03 IST" duration-ms="3" status="PASS">
          <reporter-output>
          </reporter-output>
        </test-method> <!-- testCase5 -->
        <test-method signature="testCase6()[pri:6, instance:TestCases.ExcelTest@6ff65192]" started-at="2022-11-09T14:42:03 IST" name="testCase6" finished-at="2022-11-09T14:42:03 IST" duration-ms="38" status="PASS">
          <reporter-output>
          </reporter-output>
        </test-method> <!-- testCase6 -->
      </class> <!-- TestCases.ExcelTest -->
    </test> <!-- Default test -->
  </suite> <!-- Default suite -->
</testng-results>
