<?xml version="1.0" encoding="UTF-8"?>
<testng-results ignored="0" total="2" passed="2" failed="0" skipped="0">
  <reporter-output>
  </reporter-output>
  <suite started-at="2022-11-09T12:04:41 IST" name="Default suite" finished-at="2022-11-09T12:04:42 IST" duration-ms="1083">
    <groups>
    </groups>
    <test started-at="2022-11-09T12:04:41 IST" name="Default test" finished-at="2022-11-09T12:04:42 IST" duration-ms="1083">
      <class name="TestCases.WriteExcelTest">
        <test-method signature="writeExcelTest()[pri:0, instance:TestCases.WriteExcelTest@619713e5]" started-at="2022-11-09T12:04:41 IST" name="writeExcelTest" finished-at="2022-11-09T12:04:42 IST" duration-ms="972" status="PASS">
          <reporter-output>
          </reporter-output>
        </test-method> <!-- writeExcelTest -->
        <test-method signature="writeExcelTest1()[pri:0, instance:TestCases.WriteExcelTest@619713e5]" started-at="2022-11-09T12:04:42 IST" name="writeExcelTest1" finished-at="2022-11-09T12:04:42 IST" duration-ms="65" status="PASS">
          <reporter-output>
          </reporter-output>
        </test-method> <!-- writeExcelTest1 -->
      </class> <!-- TestCases.WriteExcelTest -->
    </test> <!-- Default test -->
  </suite> <!-- Default suite -->
</testng-results>
